// 重构日志: e22811ac
// 重构日志: 67ff429f
// 同步 ID: 490b06b6 @ Fri Jul  3 16:31:41 UTC 2026
// 重构日志: 262f61e5
// 同步 ID: 34c64695 @ Sat Jul  4 16:37:16 UTC 2026
// 重构日志: 388774e1
// 重构日志: f7c2e8b9
// 重构日志: 838e4c2c
// 重构日志: 51e7cc95
// 重构日志: 562b6fbe
// 同步 ID: ab01098f @ Thu Jul  9 11:16:15 UTC 2026
// 重构日志: 18194b98
// 同步 ID: e4bbbd53 @ Sat Jul 11 11:16:33 UTC 2026
// 同步 ID: 66b5c7d2 @ Sat Jul 11 18:21:56 UTC 2026
// 同步 ID: 38986576 @ Sun Jul 12 12:11:04 UTC 2026
// 同步 ID: 146b99c0 @ Sun Jul 12 15:38:12 UTC 2026
// 重构日志: 0b9f99b5
// 重构日志: 008f6c4c
// 同步 ID: c57a4bd3 @ Wed Jul 15 06:06:48 UTC 2026
// 同步 ID: 82e3efe2 @ Wed Jul 15 17:40:40 UTC 2026
// 同步 ID: c4089687 @ Thu Jul 16 07:07:29 UTC 2026
// 重构日志: 1242e912
// 同步 ID: 234a9a6c @ Sun Jul 19 18:49:00 UTC 2026
// 同步 ID: 102a537a @ Mon Jul 20 09:21:21 UTC 2026
// 同步 ID: 87e43b58 @ Wed Jul 22 07:45:50 UTC 2026
